/usr/bin/cmake -H/home/inavarro/Desktop/workspace/VantTEC-CV/DarknetROS/src/darknet_ros/darknet_ros -B/home/inavarro/Desktop/workspace/VantTEC-CV/DarknetROS/build/darknet_ros --check-build-system CMakeFiles/Makefile.cmake 0
/usr/bin/make -f CMakeFiles/Makefile2 run_tests
make[1]: Entering directory '/home/inavarro/Desktop/workspace/VantTEC-CV/DarknetROS/build/darknet_ros'
/usr/bin/cmake -H/home/inavarro/Desktop/workspace/VantTEC-CV/DarknetROS/src/darknet_ros/darknet_ros -B/home/inavarro/Desktop/workspace/VantTEC-CV/DarknetROS/build/darknet_ros --check-build-system CMakeFiles/Makefile.cmake 0
/usr/bin/cmake -E cmake_progress_start /home/inavarro/Desktop/workspace/VantTEC-CV/DarknetROS/build/darknet_ros/CMakeFiles 5
/usr/bin/make -f CMakeFiles/Makefile2 CMakeFiles/run_tests.dir/all
make[2]: Entering directory '/home/inavarro/Desktop/workspace/VantTEC-CV/DarknetROS/build/darknet_ros'
/usr/bin/make -f gtest/gtest/CMakeFiles/gtest.dir/build.make gtest/gtest/CMakeFiles/gtest.dir/depend
/usr/bin/make -f CMakeFiles/clean_test_results_darknet_ros.dir/build.make CMakeFiles/clean_test_results_darknet_ros.dir/depend
make[3]: Entering directory '/home/inavarro/Desktop/workspace/VantTEC-CV/DarknetROS/build/darknet_ros'
cd /home/inavarro/Desktop/workspace/VantTEC-CV/DarknetROS/build/darknet_ros && /usr/bin/cmake -E cmake_depends "Unix Makefiles" /home/inavarro/Desktop/workspace/VantTEC-CV/DarknetROS/src/darknet_ros/darknet_ros /usr/src/gtest /home/inavarro/Desktop/workspace/VantTEC-CV/DarknetROS/build/darknet_ros /home/inavarro/Desktop/workspace/VantTEC-CV/DarknetROS/build/darknet_ros/gtest/gtest /home/inavarro/Desktop/workspace/VantTEC-CV/DarknetROS/build/darknet_ros/gtest/gtest/CMakeFiles/gtest.dir/DependInfo.cmake --color=
make[3]: Entering directory '/home/inavarro/Desktop/workspace/VantTEC-CV/DarknetROS/build/darknet_ros'
cd /home/inavarro/Desktop/workspace/VantTEC-CV/DarknetROS/build/darknet_ros && /usr/bin/cmake -E cmake_depends "Unix Makefiles" /home/inavarro/Desktop/workspace/VantTEC-CV/DarknetROS/src/darknet_ros/darknet_ros /home/inavarro/Desktop/workspace/VantTEC-CV/DarknetROS/src/darknet_ros/darknet_ros /home/inavarro/Desktop/workspace/VantTEC-CV/DarknetROS/build/darknet_ros /home/inavarro/Desktop/workspace/VantTEC-CV/DarknetROS/build/darknet_ros /home/inavarro/Desktop/workspace/VantTEC-CV/DarknetROS/build/darknet_ros/CMakeFiles/clean_test_results_darknet_ros.dir/DependInfo.cmake --color=
make[3]: Leaving directory '/home/inavarro/Desktop/workspace/VantTEC-CV/DarknetROS/build/darknet_ros'
/usr/bin/make -f CMakeFiles/clean_test_results_darknet_ros.dir/build.make CMakeFiles/clean_test_results_darknet_ros.dir/build
make[3]: Leaving directory '/home/inavarro/Desktop/workspace/VantTEC-CV/DarknetROS/build/darknet_ros'
/usr/bin/make -f gtest/gtest/CMakeFiles/gtest.dir/build.make gtest/gtest/CMakeFiles/gtest.dir/build
make[3]: Entering directory '/home/inavarro/Desktop/workspace/VantTEC-CV/DarknetROS/build/darknet_ros'
/usr/bin/python /opt/ros/kinetic/share/catkin/cmake/test/remove_test_results.py /home/inavarro/Desktop/workspace/VantTEC-CV/DarknetROS/build/darknet_ros/test_results/darknet_ros
make[3]: Entering directory '/home/inavarro/Desktop/workspace/VantTEC-CV/DarknetROS/build/darknet_ros'
make[3]: Nothing to be done for 'gtest/gtest/CMakeFiles/gtest.dir/build'.
make[3]: Leaving directory '/home/inavarro/Desktop/workspace/VantTEC-CV/DarknetROS/build/darknet_ros'
[ 40%] Built target gtest
/usr/bin/make -f CMakeFiles/darknet_ros_object_detection-test.dir/build.make CMakeFiles/darknet_ros_object_detection-test.dir/depend
make[3]: Entering directory '/home/inavarro/Desktop/workspace/VantTEC-CV/DarknetROS/build/darknet_ros'
cd /home/inavarro/Desktop/workspace/VantTEC-CV/DarknetROS/build/darknet_ros && /usr/bin/cmake -E cmake_depends "Unix Makefiles" /home/inavarro/Desktop/workspace/VantTEC-CV/DarknetROS/src/darknet_ros/darknet_ros /home/inavarro/Desktop/workspace/VantTEC-CV/DarknetROS/src/darknet_ros/darknet_ros /home/inavarro/Desktop/workspace/VantTEC-CV/DarknetROS/build/darknet_ros /home/inavarro/Desktop/workspace/VantTEC-CV/DarknetROS/build/darknet_ros /home/inavarro/Desktop/workspace/VantTEC-CV/DarknetROS/build/darknet_ros/CMakeFiles/darknet_ros_object_detection-test.dir/DependInfo.cmake --color=
Removing test result files from '/home/inavarro/Desktop/workspace/VantTEC-CV/DarknetROS/build/darknet_ros/test_results/darknet_ros'
- removing '/home/inavarro/Desktop/workspace/VantTEC-CV/DarknetROS/build/darknet_ros/test_results/darknet_ros/rostest-test_object_detection.xml'
- removing '/home/inavarro/Desktop/workspace/VantTEC-CV/DarknetROS/build/darknet_ros/test_results/darknet_ros/rosunit-darknet_ros_object_detection.xml'
make[3]: Leaving directory '/home/inavarro/Desktop/workspace/VantTEC-CV/DarknetROS/build/darknet_ros'
make[3]: Leaving directory '/home/inavarro/Desktop/workspace/VantTEC-CV/DarknetROS/build/darknet_ros'
/usr/bin/make -f CMakeFiles/darknet_ros_object_detection-test.dir/build.make CMakeFiles/darknet_ros_object_detection-test.dir/build
[ 40%] Built target clean_test_results_darknet_ros
make[3]: Entering directory '/home/inavarro/Desktop/workspace/VantTEC-CV/DarknetROS/build/darknet_ros'
make[3]: Nothing to be done for 'CMakeFiles/darknet_ros_object_detection-test.dir/build'.
make[3]: Leaving directory '/home/inavarro/Desktop/workspace/VantTEC-CV/DarknetROS/build/darknet_ros'
[100%] Built target darknet_ros_object_detection-test
/usr/bin/make -f CMakeFiles/tests.dir/build.make CMakeFiles/tests.dir/depend
make[3]: Entering directory '/home/inavarro/Desktop/workspace/VantTEC-CV/DarknetROS/build/darknet_ros'
cd /home/inavarro/Desktop/workspace/VantTEC-CV/DarknetROS/build/darknet_ros && /usr/bin/cmake -E cmake_depends "Unix Makefiles" /home/inavarro/Desktop/workspace/VantTEC-CV/DarknetROS/src/darknet_ros/darknet_ros /home/inavarro/Desktop/workspace/VantTEC-CV/DarknetROS/src/darknet_ros/darknet_ros /home/inavarro/Desktop/workspace/VantTEC-CV/DarknetROS/build/darknet_ros /home/inavarro/Desktop/workspace/VantTEC-CV/DarknetROS/build/darknet_ros /home/inavarro/Desktop/workspace/VantTEC-CV/DarknetROS/build/darknet_ros/CMakeFiles/tests.dir/DependInfo.cmake --color=
make[3]: Leaving directory '/home/inavarro/Desktop/workspace/VantTEC-CV/DarknetROS/build/darknet_ros'
/usr/bin/make -f CMakeFiles/tests.dir/build.make CMakeFiles/tests.dir/build
make[3]: Entering directory '/home/inavarro/Desktop/workspace/VantTEC-CV/DarknetROS/build/darknet_ros'
make[3]: Nothing to be done for 'CMakeFiles/tests.dir/build'.
make[3]: Leaving directory '/home/inavarro/Desktop/workspace/VantTEC-CV/DarknetROS/build/darknet_ros'
[100%] Built target tests
/usr/bin/make -f CMakeFiles/_run_tests_darknet_ros_rostest_test_object_detection.test.dir/build.make CMakeFiles/_run_tests_darknet_ros_rostest_test_object_detection.test.dir/depend
make[3]: Entering directory '/home/inavarro/Desktop/workspace/VantTEC-CV/DarknetROS/build/darknet_ros'
cd /home/inavarro/Desktop/workspace/VantTEC-CV/DarknetROS/build/darknet_ros && /usr/bin/cmake -E cmake_depends "Unix Makefiles" /home/inavarro/Desktop/workspace/VantTEC-CV/DarknetROS/src/darknet_ros/darknet_ros /home/inavarro/Desktop/workspace/VantTEC-CV/DarknetROS/src/darknet_ros/darknet_ros /home/inavarro/Desktop/workspace/VantTEC-CV/DarknetROS/build/darknet_ros /home/inavarro/Desktop/workspace/VantTEC-CV/DarknetROS/build/darknet_ros /home/inavarro/Desktop/workspace/VantTEC-CV/DarknetROS/build/darknet_ros/CMakeFiles/_run_tests_darknet_ros_rostest_test_object_detection.test.dir/DependInfo.cmake --color=
make[3]: Leaving directory '/home/inavarro/Desktop/workspace/VantTEC-CV/DarknetROS/build/darknet_ros'
/usr/bin/make -f CMakeFiles/_run_tests_darknet_ros_rostest_test_object_detection.test.dir/build.make CMakeFiles/_run_tests_darknet_ros_rostest_test_object_detection.test.dir/build
make[3]: Entering directory '/home/inavarro/Desktop/workspace/VantTEC-CV/DarknetROS/build/darknet_ros'
catkin_generated/env_cached.sh /usr/bin/python /opt/ros/kinetic/share/catkin/cmake/test/run_tests.py /home/inavarro/Desktop/workspace/VantTEC-CV/DarknetROS/build/darknet_ros/test_results/darknet_ros/rostest-test_object_detection.xml "/opt/ros/kinetic/share/rostest/cmake/../../../bin/rostest --pkgdir=/home/inavarro/Desktop/workspace/VantTEC-CV/DarknetROS/src/darknet_ros/darknet_ros --package=darknet_ros --results-filename test_object_detection.xml --results-base-dir \"/home/inavarro/Desktop/workspace/VantTEC-CV/DarknetROS/build/darknet_ros/test_results\" /home/inavarro/Desktop/workspace/VantTEC-CV/DarknetROS/src/darknet_ros/darknet_ros/test/object_detection.test "
-- run_tests.py: execute commands
  /opt/ros/kinetic/share/rostest/cmake/../../../bin/rostest --pkgdir=/home/inavarro/Desktop/workspace/VantTEC-CV/DarknetROS/src/darknet_ros/darknet_ros --package=darknet_ros --results-filename test_object_detection.xml --results-base-dir "/home/inavarro/Desktop/workspace/VantTEC-CV/DarknetROS/build/darknet_ros/test_results" /home/inavarro/Desktop/workspace/VantTEC-CV/DarknetROS/src/darknet_ros/darknet_ros/test/object_detection.test 
... logging to /home/inavarro/.ros/log/rostest-Navars-Machine-30408.log
[ROSUNIT] Outputting test results to /home/inavarro/Desktop/workspace/VantTEC-CV/DarknetROS/build/darknet_ros/test_results/darknet_ros/rostest-test_object_detection.xml
[0m[ INFO] [1541715956.208397064]: [YoloObjectDetector] Node started.[0m
[0m[ INFO] [1541715956.211465184]: [YoloObjectDetector] Xserver is running.[0m
[0m[ INFO] [1541715956.212333294]: [YoloObjectDetector] init().[0m
YOLO V3
layer     filters    size              input                output
    0 conv     32  3 x 3 / 1   416 x 416 x   3   ->   416 x 416 x  32  0.299 BFLOPs
    1 max          2 x 2 / 2   416 x 416 x  32   ->   208 x 208 x  32
    2 conv     64  3 x 3 / 1   208 x 208 x  32   ->   208 x 208 x  64  1.595 BFLOPs
    3 max          2 x 2 / 2   208 x 208 x  64   ->   104 x 104 x  64
    4 conv    128  3 x 3 / 1   104 x 104 x  64   ->   104 x 104 x 128  1.595 BFLOPs
    5 conv     64  1 x 1 / 1   104 x 104 x 128   ->   104 x 104 x  64  0.177 BFLOPs
    6 conv    128  3 x 3 / 1   104 x 104 x  64   ->   104 x 104 x 128  1.595 BFLOPs
    7 max          2 x 2 / 2   104 x 104 x 128   ->    52 x  52 x 128
    8 conv    256  3 x 3 / 1    52 x  52 x 128   ->    52 x  52 x 256  1.595 BFLOPs
    9 conv    128  1 x 1 / 1    52 x  52 x 256   ->    52 x  52 x 128  0.177 BFLOPs
   10 conv    256  3 x 3 / 1    52 x  52 x 128   ->    52 x  52 x 256  1.595 BFLOPs
   11 max          2 x 2 / 2    52 x  52 x 256   ->    26 x  26 x 256
   12 conv    512  3 x 3 / 1    26 x  26 x 256   ->    26 x  26 x 512  1.595 BFLOPs
   13 conv    256  1 x 1 / 1    26 x  26 x 512   ->    26 x  26 x 256  0.177 BFLOPs
   14 conv    512  3 x 3 / 1    26 x  26 x 256   ->    26 x  26 x 512  1.595 BFLOPs
   15 conv    256  1 x 1 / 1    26 x  26 x 512   ->    26 x  26 x 256  0.177 BFLOPs
   16 conv    512  3 x 3 / 1    26 x  26 x 256   ->    26 x  26 x 512  1.595 BFLOPs
   17 max          2 x 2 / 2    26 x  26 x 512   ->    13 x  13 x 512
   18 conv   1024  3 x 3 / 1    13 x  13 x 512   ->    13 x  13 x1024  1.595 BFLOPs
   19 conv    512  1 x 1 / 1    13 x  13 x1024   ->    13 x  13 x 512  0.177 BFLOPs
   20 conv   1024  3 x 3 / 1    13 x  13 x 512   ->    13 x  13 x1024  1.595 BFLOPs
   21 conv    512  1 x 1 / 1    13 x  13 x1024   ->    13 x  13 x 512  0.177 BFLOPs
   22 conv   1024  3 x 3 / 1    13 x  13 x 512   ->    13 x  13 x1024  1.595 BFLOPs
   23 conv   1024  3 x 3 / 1    13 x  13 x1024   ->    13 x  13 x1024  3.190 BFLOPs
   24 conv   1024  3 x 3 / 1    13 x  13 x1024   ->    13 x  13 x1024  3.190 BFLOPs
   25 route  16
   26 conv     64  1 x 1 / 1    26 x  26 x 512   ->    26 x  26 x  64  0.044 BFLOPs
   27 reorg              / 2    26 x  26 x  64   ->    13 x  13 x 256
   28 route  27 24
   29 conv   1024  3 x 3 / 1    13 x  13 x1280   ->    13 x  13 x1024  3.987 BFLOPs
   30 conv    425  1 x 1 / 1    13 x  13 x1024   ->    13 x  13 x 425  0.147 BFLOPs
   31 detection
mask_scale: Using default '1.000000'
Loading weights from /home/inavarro/Desktop/workspace/VantTEC-CV/DarknetROS/src/darknet_ros/darknet_ros/yolo_network_config/weights/yolov2.weights...Done!
Waiting for image.
[2J[1;1H
FPS:20867.2
Objects:

person: 80%
person: 62%
[2J[1;1H
FPS:1.4
Objects:

person: 81%
person: 67%
person: 55%
[2J[1;1H
FPS:1.6
Objects:

person: 81%
person: 67%
person: 55%
QObject::~QObject: Timers cannot be stopped from another thread
[Testcase: testdarknet_ros_object_detection] ... ok

[ROSTEST]-----------------------------------------------------------------------

[darknet_ros.rosunit-darknet_ros_object_detection/DISABLED_DetectDog][passed]
[darknet_ros.rosunit-darknet_ros_object_detection/DetectANYmal][FAILURE]--------
/home/inavarro/Desktop/workspace/VantTEC-CV/DarknetROS/src/darknet_ros/darknet_ros/test/ObjectDetection.cpp:192
Expected: (centerErrorPersonX) < (30), actual: 259.5 vs 30
--------------------------------------------------------------------------------


[darknet_ros.rosunit-darknet_ros_object_detection/DetectANYmal][FAILURE]--------
/home/inavarro/Desktop/workspace/VantTEC-CV/DarknetROS/src/darknet_ros/darknet_ros/test/ObjectDetection.cpp:193
Expected: (centerErrorPersonY) < (30), actual: 284.5 vs 30
--------------------------------------------------------------------------------

[darknet_ros.rosunit-darknet_ros_object_detection/DISABLED_DetectPerson][passed]

SUMMARY
[1;31m * RESULT: FAIL[0m
 * TESTS: 3
 * ERRORS: 0
[1;31m * FAILURES: 1[0m

rostest log file is in /home/inavarro/.ros/log/rostest-Navars-Machine-30408.log
-- run_tests.py: verify result "/home/inavarro/Desktop/workspace/VantTEC-CV/DarknetROS/build/darknet_ros/test_results/darknet_ros/rostest-test_object_detection.xml"
make[3]: Leaving directory '/home/inavarro/Desktop/workspace/VantTEC-CV/DarknetROS/build/darknet_ros'
[100%] Built target _run_tests_darknet_ros_rostest_test_object_detection.test
/usr/bin/make -f CMakeFiles/_run_tests_darknet_ros_rostest.dir/build.make CMakeFiles/_run_tests_darknet_ros_rostest.dir/depend
make[3]: Entering directory '/home/inavarro/Desktop/workspace/VantTEC-CV/DarknetROS/build/darknet_ros'
cd /home/inavarro/Desktop/workspace/VantTEC-CV/DarknetROS/build/darknet_ros && /usr/bin/cmake -E cmake_depends "Unix Makefiles" /home/inavarro/Desktop/workspace/VantTEC-CV/DarknetROS/src/darknet_ros/darknet_ros /home/inavarro/Desktop/workspace/VantTEC-CV/DarknetROS/src/darknet_ros/darknet_ros /home/inavarro/Desktop/workspace/VantTEC-CV/DarknetROS/build/darknet_ros /home/inavarro/Desktop/workspace/VantTEC-CV/DarknetROS/build/darknet_ros /home/inavarro/Desktop/workspace/VantTEC-CV/DarknetROS/build/darknet_ros/CMakeFiles/_run_tests_darknet_ros_rostest.dir/DependInfo.cmake --color=
make[3]: Leaving directory '/home/inavarro/Desktop/workspace/VantTEC-CV/DarknetROS/build/darknet_ros'
/usr/bin/make -f CMakeFiles/_run_tests_darknet_ros_rostest.dir/build.make CMakeFiles/_run_tests_darknet_ros_rostest.dir/build
make[3]: Entering directory '/home/inavarro/Desktop/workspace/VantTEC-CV/DarknetROS/build/darknet_ros'
make[3]: Nothing to be done for 'CMakeFiles/_run_tests_darknet_ros_rostest.dir/build'.
make[3]: Leaving directory '/home/inavarro/Desktop/workspace/VantTEC-CV/DarknetROS/build/darknet_ros'
[100%] Built target _run_tests_darknet_ros_rostest
/usr/bin/make -f CMakeFiles/_run_tests_darknet_ros.dir/build.make CMakeFiles/_run_tests_darknet_ros.dir/depend
make[3]: Entering directory '/home/inavarro/Desktop/workspace/VantTEC-CV/DarknetROS/build/darknet_ros'
cd /home/inavarro/Desktop/workspace/VantTEC-CV/DarknetROS/build/darknet_ros && /usr/bin/cmake -E cmake_depends "Unix Makefiles" /home/inavarro/Desktop/workspace/VantTEC-CV/DarknetROS/src/darknet_ros/darknet_ros /home/inavarro/Desktop/workspace/VantTEC-CV/DarknetROS/src/darknet_ros/darknet_ros /home/inavarro/Desktop/workspace/VantTEC-CV/DarknetROS/build/darknet_ros /home/inavarro/Desktop/workspace/VantTEC-CV/DarknetROS/build/darknet_ros /home/inavarro/Desktop/workspace/VantTEC-CV/DarknetROS/build/darknet_ros/CMakeFiles/_run_tests_darknet_ros.dir/DependInfo.cmake --color=
make[3]: Leaving directory '/home/inavarro/Desktop/workspace/VantTEC-CV/DarknetROS/build/darknet_ros'
/usr/bin/make -f CMakeFiles/_run_tests_darknet_ros.dir/build.make CMakeFiles/_run_tests_darknet_ros.dir/build
make[3]: Entering directory '/home/inavarro/Desktop/workspace/VantTEC-CV/DarknetROS/build/darknet_ros'
make[3]: Nothing to be done for 'CMakeFiles/_run_tests_darknet_ros.dir/build'.
make[3]: Leaving directory '/home/inavarro/Desktop/workspace/VantTEC-CV/DarknetROS/build/darknet_ros'
[100%] Built target _run_tests_darknet_ros
/usr/bin/make -f CMakeFiles/run_tests.dir/build.make CMakeFiles/run_tests.dir/depend
make[3]: Entering directory '/home/inavarro/Desktop/workspace/VantTEC-CV/DarknetROS/build/darknet_ros'
cd /home/inavarro/Desktop/workspace/VantTEC-CV/DarknetROS/build/darknet_ros && /usr/bin/cmake -E cmake_depends "Unix Makefiles" /home/inavarro/Desktop/workspace/VantTEC-CV/DarknetROS/src/darknet_ros/darknet_ros /home/inavarro/Desktop/workspace/VantTEC-CV/DarknetROS/src/darknet_ros/darknet_ros /home/inavarro/Desktop/workspace/VantTEC-CV/DarknetROS/build/darknet_ros /home/inavarro/Desktop/workspace/VantTEC-CV/DarknetROS/build/darknet_ros /home/inavarro/Desktop/workspace/VantTEC-CV/DarknetROS/build/darknet_ros/CMakeFiles/run_tests.dir/DependInfo.cmake --color=
make[3]: Leaving directory '/home/inavarro/Desktop/workspace/VantTEC-CV/DarknetROS/build/darknet_ros'
/usr/bin/make -f CMakeFiles/run_tests.dir/build.make CMakeFiles/run_tests.dir/build
make[3]: Entering directory '/home/inavarro/Desktop/workspace/VantTEC-CV/DarknetROS/build/darknet_ros'
make[3]: Nothing to be done for 'CMakeFiles/run_tests.dir/build'.
make[3]: Leaving directory '/home/inavarro/Desktop/workspace/VantTEC-CV/DarknetROS/build/darknet_ros'
[100%] Built target run_tests
make[2]: Leaving directory '/home/inavarro/Desktop/workspace/VantTEC-CV/DarknetROS/build/darknet_ros'
/usr/bin/cmake -E cmake_progress_start /home/inavarro/Desktop/workspace/VantTEC-CV/DarknetROS/build/darknet_ros/CMakeFiles 0
make[1]: Leaving directory '/home/inavarro/Desktop/workspace/VantTEC-CV/DarknetROS/build/darknet_ros'
